android_old/app/build/intermediates/manifest_merge_blame_file/release/processReleaseMainManifest/manifest-merger-blame-release-report.txt
1<?xml version="1.0" encoding="utf-8"?>
2<manifest xmlns:android="http://schemas.android.com/apk/res/android"
3    package="com.example.crystal_upvc"
4    android:versionCode="1"
5    android:versionName="1.0.0" >
6
7    <uses-sdk
8        android:minSdkVersion="24"
9        android:targetSdkVersion="36" />
10    <!--
11         Required to query activities that can process text, see:
12         https://developer.android.com/training/package-visibility and
13         https://developer.android.com/reference/android/content/Intent#ACTION_PROCESS_TEXT.
14
15         In particular, this is used by the Flutter engine in io.flutter.plugin.text.ProcessTextPlugin.
16    -->
17    <queries>
17-->src\main\AndroidManifest.xml:38:5-43:15
18        <intent>
18-->src\main\AndroidManifest.xml:39:9-42:18
19            <action android:name="android.intent.action.PROCESS_TEXT" />
19-->src\main\AndroidManifest.xml:40:13-72
19-->src\main\AndroidManifest.xml:40:21-70
20
21            <data android:mimeType="text/plain" />
21-->src\main\AndroidManifest.xml:41:13-50
21-->src\main\AndroidManifest.xml:41:19-48
22        </intent>
23    </queries>
24
25    <permission
25-->[androidx.core:core:1.13.1] AndroidManifest.xml:22:5-24:47
26        android:name="com.example.crystal_upvc.DYNAMIC_RECEIVER_NOT_EXPORTED_PERMISSION"
26-->[androidx.core:core:1.13.1] AndroidManifest.xml:23:9-81
27        android:protectionLevel="signature" />
27-->[androidx.core:core:1.13.1] AndroidManifest.xml:24:9-44
28
29    <uses-permission android:name="com.example.crystal_upvc.DYNAMIC_RECEIVER_NOT_EXPORTED_PERMISSION" />
29-->[androidx.core:core:1.13.1] AndroidManifest.xml:26:5-97
29-->[androidx.core:core:1.13.1] AndroidManifest.xml:26:22-94
30
31    <application
32        android:name="android.app.Application"
32-->src\main\AndroidManifest.xml:4:9-42
33        android:appComponentFactory="androidx.core.app.CoreComponentFactory"
33-->[androidx.core:core:1.13.1] AndroidManifest.xml:28:18-86
34        android:extractNativeLibs="false"
35        android:icon="@mipmap/ic_launcher"
35-->src\main\AndroidManifest.xml:5:9-43
36        android:label="Toni Al-Pvc" >
36-->src\main\AndroidManifest.xml:3:9-36
37        <activity
37-->src\main\AndroidManifest.xml:6:9-26:20
38            android:name="com.example.crystal_upvc.MainActivity"
38-->src\main\AndroidManifest.xml:7:13-41
39            android:configChanges="orientation|keyboardHidden|keyboard|screenSize|smallestScreenSize|locale|layoutDirection|fontScale|screenLayout|density|uiMode"
39-->src\main\AndroidManifest.xml:12:13-163
40            android:exported="true"
40-->src\main\AndroidManifest.xml:8:13-36
41            android:hardwareAccelerated="true"
41-->src\main\AndroidManifest.xml:13:13-47
42            android:launchMode="singleTop"
42-->src\main\AndroidManifest.xml:9:13-43
43            android:taskAffinity=""
43-->src\main\AndroidManifest.xml:10:13-36
44            android:theme="@style/LaunchTheme"
44-->src\main\AndroidManifest.xml:11:13-47
45            android:windowSoftInputMode="adjustResize" >
45-->src\main\AndroidManifest.xml:14:13-55
46
47            <!--
48                 Specifies an Android theme to apply to this Activity as soon as
49                 the Android process has started. This theme is visible to the user
50                 while the Flutter UI initializes. After that, this theme continues
51                 to determine the Window background behind the Flutter UI.
52            -->
53            <meta-data
53-->src\main\AndroidManifest.xml:19:13-21:57
54                android:name="io.flutter.embedding.android.NormalTheme"
54-->src\main\AndroidManifest.xml:20:17-72
55                android:resource="@style/NormalTheme" />
55-->src\main\AndroidManifest.xml:21:17-54
56
57            <intent-filter>
57-->src\main\AndroidManifest.xml:22:13-25:29
58                <action android:name="android.intent.action.MAIN" />
58-->src\main\AndroidManifest.xml:23:17-68
58-->src\main\AndroidManifest.xml:23:25-66
59
60                <category android:name="android.intent.category.LAUNCHER" />
60-->src\main\AndroidManifest.xml:24:17-76
60-->src\main\AndroidManifest.xml:24:27-74
61            </intent-filter>
62        </activity>
63        <!--
64             Don't delete the meta-data below.
65             This is used by the Flutter tool to generate GeneratedPluginRegistrant.java
66        -->
67        <meta-data
67-->src\main\AndroidManifest.xml:29:9-31:33
68            android:name="flutterEmbedding"
68-->src\main\AndroidManifest.xml:30:13-44
69            android:value="2" />
69-->src\main\AndroidManifest.xml:31:13-30
70
71        <provider
71-->[:image_picker_android] AndroidManifest.xml:9:9-17:20
72            android:name="io.flutter.plugins.imagepicker.ImagePickerFileProvider"
72-->[:image_picker_android] AndroidManifest.xml:10:13-82
73            android:authorities="com.example.crystal_upvc.flutter.image_provider"
73-->[:image_picker_android] AndroidManifest.xml:11:13-74
74            android:exported="false"
74-->[:image_picker_android] AndroidManifest.xml:12:13-37
75            android:grantUriPermissions="true" >
75-->[:image_picker_android] AndroidManifest.xml:13:13-47
76            <meta-data
76-->[:image_picker_android] AndroidManifest.xml:14:13-16:75
77                android:name="android.support.FILE_PROVIDER_PATHS"
77-->[:image_picker_android] AndroidManifest.xml:15:17-67
78                android:resource="@xml/flutter_image_picker_file_paths" />
78-->[:image_picker_android] AndroidManifest.xml:16:17-72
79        </provider> <!-- Trigger Google Play services to install the backported photo picker module. -->
80        <service
80-->[:image_picker_android] AndroidManifest.xml:19:9-31:19
81            android:name="com.google.android.gms.metadata.ModuleDependencies"
81-->[:image_picker_android] AndroidManifest.xml:20:13-78
82            android:enabled="false"
82-->[:image_picker_android] AndroidManifest.xml:21:13-36
83            android:exported="false" >
83-->[:image_picker_android] AndroidManifest.xml:22:13-37
84            <intent-filter>
84-->[:image_picker_android] AndroidManifest.xml:24:13-26:29
85                <action android:name="com.google.android.gms.metadata.MODULE_DEPENDENCIES" />
85-->[:image_picker_android] AndroidManifest.xml:25:17-94
85-->[:image_picker_android] AndroidManifest.xml:25:25-91
86            </intent-filter>
87
88            <meta-data
88-->[:image_picker_android] AndroidManifest.xml:28:13-30:36
89                android:name="photopicker_activity:0:required"
89-->[:image_picker_android] AndroidManifest.xml:29:17-63
90                android:value="" />
90-->[:image_picker_android] AndroidManifest.xml:30:17-33
91        </service>
92
93        <provider
93-->[:printing] AndroidManifest.xml:8:9-16:20
94            android:name="net.nfet.flutter.printing.PrintFileProvider"
94-->[:printing] AndroidManifest.xml:9:13-71
95            android:authorities="com.example.crystal_upvc.flutter.printing"
95-->[:printing] AndroidManifest.xml:10:13-68
96            android:exported="false"
96-->[:printing] AndroidManifest.xml:11:13-37
97            android:grantUriPermissions="true" >
97-->[:printing] AndroidManifest.xml:12:13-47
98            <meta-data
98-->[:image_picker_android] AndroidManifest.xml:14:13-16:75
99                android:name="android.support.FILE_PROVIDER_PATHS"
99-->[:image_picker_android] AndroidManifest.xml:15:17-67
100                android:resource="@xml/flutter_printing_file_paths" />
100-->[:image_picker_android] AndroidManifest.xml:16:17-72
101        </provider>
102
103        <uses-library
103-->[androidx.window:window:1.2.0] AndroidManifest.xml:23:9-25:40
104            android:name="androidx.window.extensions"
104-->[androidx.window:window:1.2.0] AndroidManifest.xml:24:13-54
105            android:required="false" />
105-->[androidx.window:window:1.2.0] AndroidManifest.xml:25:13-37
106        <uses-library
106-->[androidx.window:window:1.2.0] AndroidManifest.xml:26:9-28:40
107            android:name="androidx.window.sidecar"
107-->[androidx.window:window:1.2.0] AndroidManifest.xml:27:13-51
108            android:required="false" />
108-->[androidx.window:window:1.2.0] AndroidManifest.xml:28:13-37
109
110        <provider
110-->[androidx.lifecycle:lifecycle-process:2.7.0] AndroidManifest.xml:24:9-32:20
111            android:name="androidx.startup.InitializationProvider"
111-->[androidx.lifecycle:lifecycle-process:2.7.0] AndroidManifest.xml:25:13-67
112            android:authorities="com.example.crystal_upvc.androidx-startup"
112-->[androidx.lifecycle:lifecycle-process:2.7.0] AndroidManifest.xml:26:13-68
113            android:exported="false" >
113-->[androidx.lifecycle:lifecycle-process:2.7.0] AndroidManifest.xml:27:13-37
114            <meta-data
114-->[androidx.lifecycle:lifecycle-process:2.7.0] AndroidManifest.xml:29:13-31:52
115                android:name="androidx.lifecycle.ProcessLifecycleInitializer"
115-->[androidx.lifecycle:lifecycle-process:2.7.0] AndroidManifest.xml:30:17-78
116                android:value="androidx.startup" />
116-->[androidx.lifecycle:lifecycle-process:2.7.0] AndroidManifest.xml:31:17-49
117            <meta-data
117-->[androidx.profileinstaller:profileinstaller:1.4.0] AndroidManifest.xml:29:13-31:52
118                android:name="androidx.profileinstaller.ProfileInstallerInitializer"
118-->[androidx.profileinstaller:profileinstaller:1.4.0] AndroidManifest.xml:30:17-85
119                android:value="androidx.startup" />
119-->[androidx.profileinstaller:profileinstaller:1.4.0] AndroidManifest.xml:31:17-49
120        </provider>
121
122        <receiver
122-->[androidx.profileinstaller:profileinstaller:1.4.0] AndroidManifest.xml:34:9-52:20
123            android:name="androidx.profileinstaller.ProfileInstallReceiver"
123-->[androidx.profileinstaller:profileinstaller:1.4.0] AndroidManifest.xml:35:13-76
124            android:directBootAware="false"
124-->[androidx.profileinstaller:profileinstaller:1.4.0] AndroidManifest.xml:36:13-44
125            android:enabled="true"
125-->[androidx.profileinstaller:profileinstaller:1.4.0] AndroidManifest.xml:37:13-35
126            android:exported="true"
126-->[androidx.profileinstaller:profileinstaller:1.4.0] AndroidManifest.xml:38:13-36
127            android:permission="android.permission.DUMP" >
127-->[androidx.profileinstaller:profileinstaller:1.4.0] AndroidManifest.xml:39:13-57
128            <intent-filter>
128-->[androidx.profileinstaller:profileinstaller:1.4.0] AndroidManifest.xml:40:13-42:29
129                <action android:name="androidx.profileinstaller.action.INSTALL_PROFILE" />
129-->[androidx.profileinstaller:profileinstaller:1.4.0] AndroidManifest.xml:41:17-91
129-->[androidx.profileinstaller:profileinstaller:1.4.0] AndroidManifest.xml:41:25-88
130            </intent-filter>
131            <intent-filter>
131-->[androidx.profileinstaller:profileinstaller:1.4.0] AndroidManifest.xml:43:13-45:29
132                <action android:name="androidx.profileinstaller.action.SKIP_FILE" />
132-->[androidx.profileinstaller:profileinstaller:1.4.0] AndroidManifest.xml:44:17-85
132-->[androidx.profileinstaller:profileinstaller:1.4.0] AndroidManifest.xml:44:25-82
133            </intent-filter>
134            <intent-filter>
134-->[androidx.profileinstaller:profileinstaller:1.4.0] AndroidManifest.xml:46:13-48:29
135                <action android:name="androidx.profileinstaller.action.SAVE_PROFILE" />
135-->[androidx.profileinstaller:profileinstaller:1.4.0] AndroidManifest.xml:47:17-88
135-->[androidx.profileinstaller:profileinstaller:1.4.0] AndroidManifest.xml:47:25-85
136            </intent-filter>
137            <intent-filter>
137-->[androidx.profileinstaller:profileinstaller:1.4.0] AndroidManifest.xml:49:13-51:29
138                <action android:name="androidx.profileinstaller.action.BENCHMARK_OPERATION" />
138-->[androidx.profileinstaller:profileinstaller:1.4.0] AndroidManifest.xml:50:17-95
138-->[androidx.profileinstaller:profileinstaller:1.4.0] AndroidManifest.xml:50:25-92
139            </intent-filter>
140        </receiver>
141    </application>
142
143</manifest>